0000000 8c c8 8e d8 8e c0 8e d0 bc 00 9c e8 97 00 be 66
0000010 7d e8 50 00 e8 80 00 be 7b 7d e8 47 00 e8 0b 00
0000020 be 9b 7d e8 3e 00 e8 b4 00 eb fe b9 03 00 30 e4
0000030 cd 13 bb 00 80 8e c3 31 db ba 00 00 b5 00 b1 02
0000040 b0 09 b4 02 cd 13 73 12 81 e9 01 00 81 f9 00 00
0000050 74 00 be 57 7d e8 0c 00 eb cf be 5f 7d e8 04 00
0000060 e8 34 00 c3 bb 00 b8 8e c3 31 db 31 c0 8a 1e cb
0000070 7d a0 ca 7d 88 c1 69 db a0 00 69 c0 02 00 01 c3
0000080 b4 0f ac 3c 00 74 0b 26 89 07 81 c3 02 00 fe c1
0000090 eb f0 88 0e ca 7d c3 31 c0 a2 ca 7d a0 cb 7d 04
00000a0 01 a2 cb 7d c3 bb 00 b8 8e c3 b0 00 81 fb a0 0f
00000b0 74 09 26 88 07 81 c3 01 00 eb f1 c3 e9 41 83 00
00000c0 00 00 00 00 00 00 00 ff ff 00 00 00 9a cf 00 ff
00000d0 ff 00 00 00 92 cf 00 17 00 bf 7c 00 00 fa 0f 01
00000e0 16 d7 7c 0f 20 c0 66 0d 01 00 00 00 0f 22 c0 ea
00000f0 f4 7c 08 00 66 b8 10 00 8e d8 8e d0 8e c0 8e e0
0000100 8e e8 bd 00 00 09 00 89 ec bb 5f 7d 00 00 e8 05
0000110 00 00 00 e8 a4 ff ff ff 60 31 d2 31 c9 8a 15 cb
0000120 7d 00 00 8a 0d ca 7d 00 00 66 69 d2 a0 00 66 69
0000130 c9 02 00 66 01 ca 81 c2 00 80 0b 00 8a 03 b4 0f
0000140 3c 00 74 11 66 89 02 81 c3 01 00 00 00 81 c2 02
0000150 00 00 00 eb e7 61 c3 20 46 61 69 6c 65 64 00 20
0000160 42 75 65 6e 6f 00 6a 4f 53 20 76 30 2e 31 20 61
0000170 6c 70 68 61 20 73 31 20 42 4c 00 4c 6f 61 64 69
0000180 6e 67 20 42 4c 32 2f 6b 65 72 6e 65 6c 20 66 72
0000190 6f 6d 20 64 69 73 6b 2e 2e 2e 00 41 62 6f 75 74
00001a0 20 74 6f 20 73 77 69 74 63 68 20 74 6f 20 70 72
00001b0 6f 74 65 63 74 65 64 20 6d 6f 64 65 2e 2e 2e 00
00001c0 53 75 63 63 65 73 73 2e 00 03 00 00 00 00 00 00
00001d0 00 00 00 00 00 00 00 00 00 00 00 00 00 00 00 00
*
00001f0 00 00 00 00 00 00 00 00 00 00 00 00 00 00 55 aa
0000200 66 b8 4a 00 e8 07 00 00 00 eb fe 55 89 e5 5d c3
0000210 55 89 e5 53 83 ec 04 e8 a3 00 00 00 89 c3 e8 92
0000220 00 00 00 83 ec 04 53 50 68 81 05 08 00 e8 13 02
0000230 00 00 83 c4 10 83 ec 08 6a 00 68 91 05 08 00 e8
0000240 01 02 00 00 83 c4 10 eb fe 55 89 e5 83 ec 10 c7
0000250 45 fc 00 80 0b 00 c6 45 fb 20 c6 45 fa 0f eb 1c
0000260 8b 45 fc 8d 50 01 89 55 fc 8a 55 fb 88 10 8b 45
0000270 fc 8d 50 01 89 55 fc 8a 55 fa 88 10 81 7d fc 99
0000280 8f 0b 00 76 db c7 05 00 20 08 00 00 00 00 00 c7
0000290 05 40 12 08 00 00 00 00 00 c9 c3 55 89 e5 8b 45
00002a0 08 a3 00 20 08 00 5d c3 55 89 e5 8b 45 08 a3 40
00002b0 12 08 00 5d c3 55 89 e5 a1 00 20 08 00 5d c3 55
00002c0 89 e5 a1 40 12 08 00 5d c3 55 89 e5 83 ec 10 c7
00002d0 45 fc 00 80 0b 00 8b 45 fc c6 00 58 ff 45 fc 8b
00002e0 45 fc c6 00 f4 c9 c3 55 89 e5 83 ec 38 8b 45 08
00002f0 88 45 d4 8d 45 0c 83 c0 04 89 45 e8 8a 45 d4 a2
0000300 44 12 08 00 e8 ac ff ff ff 89 45 f4 e8 ae ff ff
0000310 ff 89 45 f0 8b 45 0c 83 ec 0c 50 e8 29 04 00 00
0000320 83 c4 10 89 45 e4 c7 45 ec 00 00 00 00 e9 e2 00
0000330 00 00 8b 55 0c 8b 45 ec 01 d0 8a 00 0f be c0 83
0000340 f8 0a 74 0a 83 f8 25 74 14 e9 a0 00 00 00 c7 45
0000350 f4 00 00 00 00 ff 45 f0 e9 b4 00 00 00 ff 45 ec
0000360 8b 55 0c 8b 45 ec 01 d0 8a 00 0f be c0 83 f8 64
0000370 74 0f 83 f8 78 74 2d 83 f8 63 74 4b e9 90 00 00
0000380 00 83 45 e8 04 8b 45 e8 83 e8 04 8b 00 83 ec 04
0000390 50 ff 75 f0 ff 75 f4 e8 35 02 00 00 83 c4 10 01
00003a0 45 f4 eb 48 83 45 e8 04 8b 45 e8 83 e8 04 8b 00
00003b0 83 ec 04 50 ff 75 f0 ff 75 f4 e8 a8 02 00 00 83
00003c0 c4 10 01 45 f4 eb 25 83 45 e8 04 8b 45 e8 83 e8
00003d0 04 8a 00 0f be c0 83 ec 04 50 ff 75 f0 ff 75 f4
00003e0 e8 a6 01 00 00 83 c4 10 ff 45 f4 90 eb 23 8b 55
00003f0 0c 8b 45 ec 01 d0 8a 00 0f be c0 83 ec 04 50 ff
0000400 75 f0 ff 75 f4 e8 81 01 00 00 83 c4 10 ff 45 f4
0000410 90 ff 45 ec 8b 45 ec 3b 45 e4 0f 8c 12 ff ff ff
0000420 83 ec 0c ff 75 f4 e8 70 fe ff ff 83 c4 10 83 ec
0000430 0c ff 75 f0 e8 6f fe ff ff 83 c4 10 c6 05 44 12
0000440 08 00 0f c9 c3 55 89 e5 83 ec 28 8d 45 0c 89 45
0000450 e8 e8 5f fe ff ff 89 45 f4 e8 61 fe ff ff 89 45
0000460 f0 8b 45 08 83 ec 0c 50 e8 dc 02 00 00 83 c4 10
0000470 89 45 e4 c7 45 ec 00 00 00 00 e9 e2 00 00 00 8b
0000480 55 08 8b 45 ec 01 d0 8a 00 0f be c0 83 f8 0a 74
0000490 0a 83 f8 25 74 14 e9 a0 00 00 00 c7 45 f4 00 00
00004a0 00 00 ff 45 f0 e9 b4 00 00 00 ff 45 ec 8b 55 08
00004b0 8b 45 ec 01 d0 8a 00 0f be c0 83 f8 64 74 0f 83
00004c0 f8 78 74 2d 83 f8 63 74 4b e9 90 00 00 00 83 45
00004d0 e8 04 8b 45 e8 83 e8 04 8b 00 83 ec 04 50 ff 75
00004e0 f0 ff 75 f4 e8 e8 00 00 00 83 c4 10 01 45 f4 eb
00004f0 48 83 45 e8 04 8b 45 e8 83 e8 04 8b 00 83 ec 04
0000500 50 ff 75 f0 ff 75 f4 e8 5b 01 00 00 83 c4 10 01
0000510 45 f4 eb 25 83 45 e8 04 8b 45 e8 83 e8 04 8a 00
0000520 0f be c0 83 ec 04 50 ff 75 f0 ff 75 f4 e8 59 00
0000530 00 00 83 c4 10 ff 45 f4 90 eb 23 8b 55 08 8b 45
0000540 ec 01 d0 8a 00 0f be c0 83 ec 04 50 ff 75 f0 ff
0000550 75 f4 e8 34 00 00 00 83 c4 10 ff 45 f4 90 ff 45
0000560 ec 8b 45 ec 3b 45 e4 0f 8c 12 ff ff ff 83 ec 0c
0000570 ff 75 f4 e8 23 fd ff ff 83 c4 10 83 ec 0c ff 75
0000580 f0 e8 22 fd ff ff 83 c4 10 c9 c3 55 89 e5 83 ec
0000590 14 8b 45 10 88 45 ec 8b 55 0c 89 d0 c1 e0 02 01
00005a0 d0 c1 e0 05 89 c2 8b 45 08 01 c0 01 d0 05 00 80
00005b0 0b 00 89 45 fc 8b 45 fc 8d 50 01 89 55 fc 8a 55
00005c0 ec 88 10 8b 45 fc 8d 50 01 89 55 fc c6 00 0f c9
00005d0 c3 55 89 e5 83 ec 10 c7 45 fc 00 00 00 00 83 7d
00005e0 10 00 79 19 6a 2d ff 75 0c ff 75 08 e8 9a ff ff
00005f0 ff 83 c4 0c ff 45 08 ff 45 fc f7 5d 10 c7 45 f8
0000600 00 ca 9a 3b eb 56 8b 45 10 99 f7 7d f8 85 c0 75
0000610 06 83 7d f8 01 75 22 8b 45 10 99 f7 7d f8 83 c0
0000620 30 0f be c0 50 ff 75 0c ff 75 08 e8 5b ff ff ff
0000630 83 c4 0c ff 45 08 ff 45 fc 8b 45 10 99 f7 7d f8
0000640 89 55 10 8b 4d f8 b8 67 66 66 66 f7 e9 c1 fa 02
0000650 89 c8 c1 f8 1f 29 c2 89 d0 89 45 f8 83 7d f8 00
0000660 7f a4 8b 45 fc c9 c3 55 89 e5 83 ec 18 c7 45 f4
0000670 00 00 00 00 8d 45 10 89 45 ec 83 45 ec 03 c7 45
0000680 f0 00 00 00 00 eb 5a 8b 45 ec 8a 00 83 e0 0f 88
0000690 45 eb 8b 45 ec 8a 00 0f be c0 25 f0 00 00 00 c1
00006a0 f8 04 88 45 ea 0f be 45 ea 83 ec 04 50 ff 75 0c
00006b0 ff 75 08 e8 34 00 00 00 83 c4 10 0f be 45 eb 8b
00006c0 55 08 42 83 ec 04 50 ff 75 0c 52 e8 1c 00 00 00
00006d0 83 c4 10 83 45 08 02 83 45 f4 02 ff 4d ec ff 45
00006e0 f0 83 7d f0 03 76 a0 8b 45 f4 c9 c3 55 89 e5 83
00006f0 ec 10 8b 45 10 83 e8 0a 83 f8 05 77 2d 8b 04 85
0000700 a4 05 08 00 ff e0 c6 45 ff 41 eb 28 c6 45 ff 42
0000710 eb 22 c6 45 ff 43 eb 1c c6 45 ff 44 eb 16 c6 45
0000720 ff 45 eb 10 c6 45 ff 46 eb 0a 8b 45 10 83 c0 30
0000730 88 45 ff 90 0f be 45 ff 50 ff 75 0c ff 75 08 e8
0000740 47 fe ff ff 83 c4 0c c9 c3 55 89 e5 83 ec 10 c7
0000750 45 fc 00 00 00 00 eb 03 ff 45 fc 8b 55 fc 8b 45
0000760 08 01 d0 8a 00 84 c0 75 ef 8b 45 fc c9 c3 48 65
0000770 6c 6c 6f 20 66 72 6f 6d 20 43 20 63 6f 64 65 21
0000780 00 63 75 72 73 6f 72 3a 20 25 64 2c 20 25 64 0a
0000790 00 25 64 20 5a 65 72 6f 20 69 6e 74 20 74 65 73
00007a0 74 0a 00 90 06 05 08 00 0c 05 08 00 12 05 08 00
00007b0 18 05 08 00 1e 05 08 00 24 05 08 00 66 90 66 90
00007c0 66 90 66 90 66 90 66 90 66 90 66 90 66 90 66 90
*
0001200 14 00 00 00 00 00 00 00 01 7a 52 00 01 7c 08 01
0001210 1b 0c 04 04 88 01 00 00 1c 00 00 00 1c 00 00 00
0001220 eb ef ff ff 05 00 00 00 00 41 0e 08 85 02 42 0d
0001230 05 41 c5 0c 04 04 00 00 18 00 00 00 3c 00 00 00
0001240 d0 ef ff ff 39 00 00 00 00 41 0e 08 85 02 42 0d
0001250 05 44 83 03 14 00 00 00 00 00 00 00 01 7a 52 00
0001260 01 7c 08 01 1b 0c 04 04 88 01 00 00 1c 00 00 00
0001270 1c 00 00 00 d5 ef ff ff 52 00 00 00 00 41 0e 08
0001280 85 02 42 0d 05 02 4e c5 0c 04 04 00 1c 00 00 00
0001290 3c 00 00 00 07 f0 ff ff 0d 00 00 00 00 41 0e 08
00012a0 85 02 42 0d 05 49 c5 0c 04 04 00 00 1c 00 00 00
00012b0 5c 00 00 00 f4 ef ff ff 0d 00 00 00 00 41 0e 08
00012c0 85 02 42 0d 05 49 c5 0c 04 04 00 00 1c 00 00 00
00012d0 7c 00 00 00 e1 ef ff ff 0a 00 00 00 00 41 0e 08
00012e0 85 02 42 0d 05 46 c5 0c 04 04 00 00 1c 00 00 00
00012f0 9c 00 00 00 cb ef ff ff 0a 00 00 00 00 41 0e 08
0001300 85 02 42 0d 05 46 c5 0c 04 04 00 00 14 00 00 00
0001310 00 00 00 00 01 7a 52 00 01 7c 08 01 1b 0c 04 04
0001320 88 01 00 00 1c 00 00 00 1c 00 00 00 9d ef ff ff
0001330 1e 00 00 00 00 41 0e 08 85 02 42 0d 05 5a c5 0c
0001340 04 04 00 00 1c 00 00 00 3c 00 00 00 9b ef ff ff
0001350 5e 01 00 00 00 41 0e 08 85 02 42 0d 05 03 5a 01
0001360 c5 0c 04 04 1c 00 00 00 5c 00 00 00 d9 f0 ff ff
0001370 46 01 00 00 00 41 0e 08 85 02 42 0d 05 03 42 01
0001380 c5 0c 04 04 1c 00 00 00 7c 00 00 00 ff f1 ff ff
0001390 46 00 00 00 00 41 0e 08 85 02 42 0d 05 02 42 c5
00013a0 0c 04 04 00 1c 00 00 00 9c 00 00 00 25 f2 ff ff
00013b0 96 00 00 00 00 41 0e 08 85 02 42 0d 05 02 92 c5
00013c0 0c 04 04 00 1c 00 00 00 bc 00 00 00 9b f2 ff ff
00013d0 85 00 00 00 00 41 0e 08 85 02 42 0d 05 02 81 c5
00013e0 0c 04 04 00 1c 00 00 00 dc 00 00 00 00 f3 ff ff
00013f0 5d 00 00 00 00 41 0e 08 85 02 42 0d 05 02 59 c5
0001400 0c 04 04 00 14 00 00 00 00 00 00 00 01 7a 52 00
0001410 01 7c 08 01 1b 0c 04 04 88 01 00 00 1c 00 00 00
0001420 1c 00 00 00 25 f3 ff ff 25 00 00 00 00 41 0e 08
0001430 85 02 42 0d 05 61 c5 0c 04 04 00 00 6e 05 08 00
0001440 05 00 00 00 0f 00 00 00 00 00 00 00 00 00 00 00
0001450 00 00 00 00 00 00 00 00 00 00 00 00 00 00 00 00
*
0002200
